Could not get year for MAGNA CARTA 1297 25 EDW 1 C 29
Could not get year for HEAVY VEHICLE NATIONAL LAW ACT
Could not get year for ELECTRONIC CONVEYANCING NATIONAL LAW ACT
Could not get year for APPROPRIATION OFFICE OF THE LEGISLATIVE ASSEMBLY ACT 20222023 NO 2
Could not get year for APPROPRIATION ACT 20222023 NO 2
Could not get year for HEALTH PRACTITIONER REGULATION NATIONAL LAW ACT
Could not get year for MAGNA CARTA 1297 25 EDW 1 C 29
Could not get year for HEAVY VEHICLE NATIONAL LAW ACT
Could not get year for ELECTRONIC CONVEYANCING NATIONAL LAW ACT
Could not get year for APPROPRIATION OFFICE OF THE LEGISLATIVE ASSEMBLY ACT 20222023 NO 2
Could not get year for APPROPRIATION ACT 20222023 NO 2
Could not get year for HEALTH PRACTITIONER REGULATION NATIONAL LAW ACT
Could not get year for MAGNA CARTA 1297 25 EDW 1 C 29
Could not get year for HEAVY VEHICLE NATIONAL LAW ACT
Could not get year for ELECTRONIC CONVEYANCING NATIONAL LAW ACT
Could not get year for APPROPRIATION OFFICE OF THE LEGISLATIVE ASSEMBLY ACT 20222023 NO 2
Could not get year for APPROPRIATION ACT 20222023 NO 2
Could not get year for HEALTH PRACTITIONER REGULATION NATIONAL LAW ACT
Could not get year for MAGNA CARTA 1297 25 EDW 1 C 29
Could not get year for HEAVY VEHICLE NATIONAL LAW ACT
Could not get year for ELECTRONIC CONVEYANCING NATIONAL LAW ACT
Could not get year for APPROPRIATION OFFICE OF THE LEGISLATIVE ASSEMBLY ACT 20222023 NO 2
Could not get year for APPROPRIATION ACT 20222023 NO 2
Could not get year for HEALTH PRACTITIONER REGULATION NATIONAL LAW ACT
Unmatched file: HEAVY VEHICLE NATIONAL LAW ACT.html
Unmatched file: APPROPRIATION ACT 20222023.html
Unmatched file: ELECTRONIC CONVEYANCING NATIONAL LAW ACT.html
Unmatched file: APPROPRIATION OFFICE OF THE LEGISLATIVE ASSEMBLY ACT 20222023 NO 2.html
Unmatched file: APPROPRIATION ACT 20222023 NO 2.html
Unmatched file: MAGNA CARTA 1297 25 EDW 1 C 29.html
Unmatched file: APPROPRIATION OFFICE OF THE LEGISLATIVE ASSEMBLY ACT 20222023.html
Unmatched file: HEALTH PRACTITIONER REGULATION NATIONAL LAW ACT.html
